<?xml version="1.0" encoding="UTF-8"?><testsuite errors="0" failures="0" name="Categories Functionality" skipped="0" tests="4" time="27.43" timestamp="2022-01-25T22:28:47.329Z[Europe/London]"><testcase name="Verify user should able to access categories information"/><testcase name="Create new category and verify if the category is added"/><testcase name="Update the category information and verify if category is updated"/><testcase name="I delete the store and verify category is deleted successfully"/></testsuite>